
scontrol show job 14321574
JobId=14321574 JobName=1e6_m12i_otherProperties
   UserId=dtolgay(3114638) GroupId=murray(6000029) MCS_label=N/A
   Priority=1308956 Nice=0 Account=rrg-rbond-ac QOS=normal
   JobState=COMPLETING Reason=NonZeroExitCode Dependency=(null)
   Requeue=0 Restarts=0 BatchFlag=1 Reboot=0 ExitCode=1:0
   RunTime=00:00:05 TimeLimit=23:00:00 TimeMin=N/A
   SubmitTime=2025-03-22T22:07:20 EligibleTime=2025-03-22T22:07:20
   AccrueTime=2025-03-22T22:07:20
   StartTime=2025-03-22T22:07:21 EndTime=2025-03-22T22:07:26 Deadline=N/A
   SuspendTime=None SecsPreSuspend=0 LastSchedEval=2025-03-22T22:07:21 Scheduler=Main
   Partition=compute AllocNode:Sid=nia-login02:37446
   ReqNodeList=(null) ExcNodeList=(null)
   NodeList=nia0820
   BatchHost=nia0820
   NumNodes=1 NumCPUs=80 NumTasks=40 CPUs/Task=1 ReqB:S:C:T=0:0:*:*
   ReqTRES=cpu=40,mem=175000M,node=1,billing=20
   AllocTRES=cpu=80,mem=175000M,node=1,billing=40
   Socks/Node=* NtasksPerN:B:S:C=40:0:*:* CoreSpec=*
   MinCPUsNode=40 MinMemoryNode=175000M MinTmpDiskNode=0
   Features=[skylake|cascade] DelayBoot=00:00:00
   OverSubscribe=NO Contiguous=0 Licenses=(null) Network=(null)
   Command=/gpfs/fs0/scratch/m/murray/dtolgay/post_processing_fire_outputs/firebox_halo_finder/run_python.sh
   WorkDir=/gpfs/fs0/scratch/m/murray/dtolgay/post_processing_fire_outputs/firebox_halo_finder
   Comment=/opt/slurm/bin/sbatch --export=NONE run_python.sh 
   StdErr=/gpfs/fs0/scratch/m/murray/dtolgay/post_processing_fire_outputs/firebox_halo_finder/1e6_m12i_otherProperties.err
   StdIn=/dev/null
   StdOut=/gpfs/fs0/scratch/m/murray/dtolgay/post_processing_fire_outputs/firebox_halo_finder/1e6_m12i_otherProperties.out
   

sacct -j 14321574
JobID           JobName    Account    Elapsed  MaxVMSize     MaxRSS  SystemCPU    UserCPU ExitCode 
------------ ---------- ---------- ---------- ---------- ---------- ---------- ---------- -------- 
14321574     1e6_m12i_+ rrg-rbond+   00:00:06                         00:00:00   00:00:00      0:0 
14321574.ba+      batch rrg-rbond+   00:00:06                         00:00:00   00:00:00      0:0 
14321574.ex+     extern rrg-rbond+   00:00:06                         00:00:00   00:00:00      0:0 
